[0m09:31:29.578674 [debug] [MainThread]: Sending event: {'category': 'dbt', 'action': 'invocation', 'label': 'start', 'context': [<snowplow_tracker.self_describing_json.SelfDescribingJson object at 0x000001F30043F230>, <snowplow_tracker.self_describing_json.SelfDescribingJson object at 0x000001F3020B4690>, <snowplow_tracker.self_describing_json.SelfDescribingJson object at 0x000001F30222FC50>]}


============================== 09:31:29.648955 | 89b24ada-cf40-45ad-8282-0d490be20112 ==============================
[0m09:31:29.648955 [info ] [MainThread]: Running with dbt=1.9.10
[0m09:31:29.650875 [debug] [MainThread]: running dbt with arguments {'cache_selected_only': 'False', 'profiles_dir': 'C:\\Users\\laele\\.dbt', 'use_colors': 'True', 'write_json': 'True', 'log_format': 'default', 'warn_error': 'None', 'indirect_selection': 'eager', 'partial_parse': 'True', 'fail_fast': 'False', 'send_anonymous_usage_stats': 'True', 'static_parser': 'True', 'warn_error_options': 'WarnErrorOptions(include=[], exclude=[])', 'log_path': 'logs', 'version_check': 'True', 'use_experimental_parser': 'False', 'quiet': 'False', 'introspect': 'True', 'empty': 'None', 'log_cache_events': 'False', 'debug': 'False', 'no_print': 'None', 'invocation_command': 'dbt init', 'printer_width': '80', 'target_path': 'None'}
[0m09:31:29.851993 [warn ] [MainThread]: [ConfigFolderDirectory]: Unable to parse logging event dictionary. Failed to parse dir field: expected string or bytes-like object, got 'WindowsPath'.. Dictionary: {'dir': WindowsPath('C:/Users/laele/.dbt')}
[0m09:31:29.853107 [info ] [MainThread]: Creating dbt configuration folder at 
[0m09:32:49.983982 [debug] [MainThread]: Starter project path: C:\Users\laele\OneDrive\Documentos\GitHub\DBT\.venv\Lib\site-packages\dbt\include\starter_project
[0m09:32:50.046399 [info ] [MainThread]: 
Your new dbt project "elenaproject" was created!

For more information on how to configure the profiles.yml file,
please consult the dbt documentation here:

  https://docs.getdbt.com/docs/configure-your-profile

One more thing:

Need help? Don't hesitate to reach out to us via GitHub issues or on Slack:

  https://community.getdbt.com/

Happy modeling!

[0m09:32:50.051418 [info ] [MainThread]: Setting up your profile.
[0m09:32:55.071021 [info ] [MainThread]: Profile elenaproject written to C:\Users\laele\.dbt\profiles.yml using target's sample configuration. Once updated, you'll be able to start developing with dbt.
[0m09:32:55.074877 [debug] [MainThread]: Command `dbt init` succeeded at 09:32:55.073375 after 85.71 seconds
[0m09:32:55.076471 [debug] [MainThread]: Sending event: {'category': 'dbt', 'action': 'invocation', 'label': 'end', 'context': [<snowplow_tracker.self_describing_json.SelfDescribingJson object at 0x000001F302282EA0>, <snowplow_tracker.self_describing_json.SelfDescribingJson object at 0x000001F3004EAB10>, <snowplow_tracker.self_describing_json.SelfDescribingJson object at 0x000001F30237CF30>]}
[0m09:32:55.078824 [debug] [MainThread]: Flushing usage events
[0m09:32:56.265510 [debug] [MainThread]: An error was encountered while trying to flush usage events
[0m09:46:35.870360 [debug] [MainThread]: Sending event: {'category': 'dbt', 'action': 'invocation', 'label': 'start', 'context': [<snowplow_tracker.self_describing_json.SelfDescribingJson object at 0x000001B174A092B0>, <snowplow_tracker.self_describing_json.SelfDescribingJson object at 0x000001B17635D950>, <snowplow_tracker.self_describing_json.SelfDescribingJson object at 0x000001B1769BBED0>]}


============================== 09:46:35.891709 | 747c7992-4a54-4a5a-ba12-92447db271ba ==============================
[0m09:46:35.891709 [info ] [MainThread]: Running with dbt=1.10.15
[0m09:46:35.897111 [debug] [MainThread]: running dbt with arguments {'cache_selected_only': 'False', 'profiles_dir': 'C:\\Users\\laele\\.dbt', 'no_print': 'None', 'target_path': 'None', 'use_colors': 'True', 'warn_error': 'None', 'indirect_selection': 'eager', 'fail_fast': 'False', 'log_path': 'logs', 'send_anonymous_usage_stats': 'True', 'partial_parse': 'True', 'warn_error_options': 'WarnErrorOptionsV2(error=[], warn=[], silence=[])', 'static_parser': 'True', 'use_experimental_parser': 'False', 'version_check': 'True', 'introspect': 'True', 'quiet': 'False', 'empty': 'None', 'log_cache_events': 'False', 'debug': 'False', 'log_format': 'default', 'invocation_command': 'dbt deps', 'printer_width': '80', 'write_json': 'True'}
[0m09:46:35.898596 [error] [MainThread]: Encountered an error:
Runtime Error
  No dbt_project.yml found at expected path C:\Users\laele\OneDrive\Documentos\GitHub\DBT\dbt_project.yml
  Verify that each entry within packages.yml (and their transitive dependencies) contains a file named dbt_project.yml
  
[0m09:46:35.900579 [debug] [MainThread]: Command `dbt deps` failed at 09:46:35.900284 after 0.51 seconds
[0m09:46:35.901880 [debug] [MainThread]: Sending event: {'category': 'dbt', 'action': 'invocation', 'label': 'end', 'context': [<snowplow_tracker.self_describing_json.SelfDescribingJson object at 0x000001B176A14B00>, <snowplow_tracker.self_describing_json.SelfDescribingJson object at 0x000001B176A05EB0>, <snowplow_tracker.self_describing_json.SelfDescribingJson object at 0x000001B176A585A0>]}
[0m09:46:35.903245 [debug] [MainThread]: Flushing usage events
[0m09:46:37.046528 [debug] [MainThread]: An error was encountered while trying to flush usage events
[0m09:47:59.350925 [debug] [MainThread]: Sending event: {'category': 'dbt', 'action': 'invocation', 'label': 'start', 'context': [<snowplow_tracker.self_describing_json.SelfDescribingJson object at 0x000001D1176ACAD0>, <snowplow_tracker.self_describing_json.SelfDescribingJson object at 0x000001D117F38910>, <snowplow_tracker.self_describing_json.SelfDescribingJson object at 0x000001D119643D90>]}


============================== 09:47:59.358319 | 501da1e5-8bdc-4872-9684-6b693566d7ba ==============================
[0m09:47:59.358319 [info ] [MainThread]: Running with dbt=1.10.15
[0m09:47:59.359251 [debug] [MainThread]: running dbt with arguments {'target_path': 'None', 'log_format': 'default', 'cache_selected_only': 'False', 'no_print': 'None', 'use_colors': 'True', 'warn_error': 'None', 'static_parser': 'True', 'fail_fast': 'False', 'log_path': 'logs', 'send_anonymous_usage_stats': 'True', 'indirect_selection': 'eager', 'warn_error_options': 'WarnErrorOptionsV2(error=[], warn=[], silence=[])', 'partial_parse': 'True', 'version_check': 'True', 'use_experimental_parser': 'False', 'introspect': 'True', 'quiet': 'False', 'empty': 'None', 'log_cache_events': 'False', 'debug': 'False', 'profiles_dir': 'C:\\Users\\laele\\.dbt', 'invocation_command': 'dbt deps', 'printer_width': '80', 'write_json': 'True'}
[0m09:47:59.359991 [error] [MainThread]: Encountered an error:
Runtime Error
  No dbt_project.yml found at expected path C:\Users\laele\OneDrive\Documentos\GitHub\DBT\dbt_project.yml
  Verify that each entry within packages.yml (and their transitive dependencies) contains a file named dbt_project.yml
  
[0m09:47:59.361128 [debug] [MainThread]: Command `dbt deps` failed at 09:47:59.361005 after 0.21 seconds
[0m09:47:59.361521 [debug] [MainThread]: Sending event: {'category': 'dbt', 'action': 'invocation', 'label': 'end', 'context': [<snowplow_tracker.self_describing_json.SelfDescribingJson object at 0x000001D1196910F0>, <snowplow_tracker.self_describing_json.SelfDescribingJson object at 0x000001D1196D04D0>, <snowplow_tracker.self_describing_json.SelfDescribingJson object at 0x000001D1194F2360>]}
[0m09:47:59.361938 [debug] [MainThread]: Flushing usage events
[0m09:48:00.457865 [debug] [MainThread]: An error was encountered while trying to flush usage events
[0m09:48:45.426458 [debug] [MainThread]: Sending event: {'category': 'dbt', 'action': 'invocation', 'label': 'start', 'context': [<snowplow_tracker.self_describing_json.SelfDescribingJson object at 0x00000288DC66CAD0>, <snowplow_tracker.self_describing_json.SelfDescribingJson object at 0x00000288DCEF8910>, <snowplow_tracker.self_describing_json.SelfDescribingJson object at 0x00000288DE543D90>]}


============================== 09:48:45.431777 | fcde324c-7fb8-4305-abc0-dbadd040dd2d ==============================
[0m09:48:45.431777 [info ] [MainThread]: Running with dbt=1.10.15
[0m09:48:45.433195 [debug] [MainThread]: running dbt with arguments {'printer_width': '80', 'log_format': 'default', 'invocation_command': 'dbt deps', 'target_path': 'None', 'no_print': 'None', 'warn_error': 'None', 'indirect_selection': 'eager', 'fail_fast': 'False', 'partial_parse': 'True', 'send_anonymous_usage_stats': 'True', 'log_path': 'logs', 'warn_error_options': 'WarnErrorOptionsV2(error=[], warn=[], silence=[])', 'static_parser': 'True', 'version_check': 'True', 'use_experimental_parser': 'False', 'introspect': 'True', 'quiet': 'False', 'empty': 'None', 'log_cache_events': 'False', 'debug': 'False', 'profiles_dir': 'C:\\Users\\laele\\.dbt', 'use_colors': 'True', 'cache_selected_only': 'False', 'write_json': 'True'}
[0m09:48:45.434341 [error] [MainThread]: Encountered an error:
Runtime Error
  No dbt_project.yml found at expected path C:\Users\laele\OneDrive\Documentos\GitHub\DBT\dbt_project.yml
  Verify that each entry within packages.yml (and their transitive dependencies) contains a file named dbt_project.yml
  
[0m09:48:45.435750 [debug] [MainThread]: Command `dbt deps` failed at 09:48:45.435579 after 0.33 seconds
[0m09:48:45.436254 [debug] [MainThread]: Sending event: {'category': 'dbt', 'action': 'invocation', 'label': 'end', 'context': [<snowplow_tracker.self_describing_json.SelfDescribingJson object at 0x00000288DE5910F0>, <snowplow_tracker.self_describing_json.SelfDescribingJson object at 0x00000288DE5D84D0>, <snowplow_tracker.self_describing_json.SelfDescribingJson object at 0x00000288DE3F2360>]}
[0m09:48:45.436822 [debug] [MainThread]: Flushing usage events
[0m09:48:46.331132 [debug] [MainThread]: An error was encountered while trying to flush usage events
